<?xml version="1.0" encoding="UTF-8"?>
<!-- Generated by org.testng.reporters.JUnitReportReporter -->
<testsuite hostname="Home-PC" name="com.TestNg.NewTest1" tests="2" failures="0" timestamp="18 Sep 2019 11:12:31 GMT" time="0.011" errors="0">
  <testcase name="drafter" time="0.010" classname="com.TestNg.NewTest1"/>
  <testcase name="inbox" time="0.001" classname="com.TestNg.NewTest1"/>
</testsuite> <!-- com.TestNg.NewTest1 -->
