<?xml version="1.0" encoding="UTF-8"?>
<!-- Generated by org.testng.reporters.JUnitReportReporter -->
<testsuite skipped="0" hostname="Home-PC" name="com.testng.annotations" tests="3" failures="0" timestamp="19 Sep 2019 06:51:37 GMT" time="0.047" errors="0">
  <testcase name="inbox" time="0.005" classname="com.testng.annotations"/>
  <testcase name="composemail" time="0.005" classname="com.testng.annotations"/>
  <testcase name="gmailapplicationlauch" time="0.037" classname="com.testng.annotations"/>
</testsuite> <!-- com.testng.annotations -->
