<?xml version="1.0" encoding="UTF-8"?>
<!-- Generated by org.testng.reporters.JUnitReportReporter -->
<testsuite hostname="Home-PC" name="com.Asssignments.NewTest" tests="3" failures="0" timestamp="18 Sep 2019 10:59:16 GMT" time="0.022" errors="0">
  <testcase name="gmailapplicationlauch" time="0.018" classname="com.Asssignments.NewTest"/>
  <testcase name="inbox" time="0.002" classname="com.Asssignments.NewTest"/>
  <testcase name="composemail" time="0.002" classname="com.Asssignments.NewTest"/>
</testsuite> <!-- com.Asssignments.NewTest -->
